2026-03-15 01:54:48,026 - INFO - Starting Kolkata Map Validation Audit...
2026-03-15 01:54:48,029 - INFO - Checked: Howrah Bridge to Victoria Memorial | Real: 4.48km | Gap: 0.72km
2026-03-15 12:38:25,400 - INFO - Starting Kolkata Map Validation Audit...
2026-03-15 12:38:25,405 - INFO - Checked: Howrah Bridge to Victoria Memorial | Real: 4.48km | Gap: 0.72km
2026-03-24 03:29:45,833 - INFO - Starting Kolkata Map Validation Audit...
2026-03-24 03:29:45,857 - INFO - Checked: Howrah Bridge to Victoria Memorial | Real: 4.48km | Gap: 0.72km
2026-03-24 03:35:56,461 - INFO - Starting Kolkata Map Validation Audit...
2026-03-24 03:35:56,465 - INFO - Checked: Howrah Bridge to Victoria Memorial | Real: 4.48km | Gap: 0.72km
2026-03-24 03:36:01,463 - INFO - Starting Kolkata Map Validation Audit...
2026-03-24 03:36:01,464 - INFO - Checked: Howrah Bridge to Victoria Memorial | Real: 4.48km | Gap: 0.72km
2026-03-25 03:03:50,304 - INFO - --- Starting Batch Audit for Kolkata ---
2026-03-25 03:03:50,326 - WARNING - Audited: Howrah Bridge to Victoria Memorial | Gap: 0.72km | Status: FAIL
2026-03-25 03:03:50,327 - ERROR - Missing data field for Arsalan Park Circus: 'start'
2026-03-25 03:03:50,330 - INFO - Market-ready report generated at: reports\audit_report_20260325_0303.json
2026-03-26 15:12:24,478 - INFO - --- Starting Batch Audit for Kolkata ---
2026-03-26 15:12:24,504 - WARNING - Audited: Howrah Bridge to Victoria Memorial | Gap: 0.72km | Status: FAIL
2026-03-26 15:12:24,504 - ERROR - Missing data field for Arsalan Park Circus: 'start'
2026-03-26 15:12:24,507 - INFO - Market-ready report generated at: reports\audit_report_20260326_1512.json
2026-03-27 14:53:07,182 - INFO - --- Starting Batch Audit for Kolkata ---
2026-03-27 14:53:07,209 - INFO - Audited: Howrah Bridge to Victoria Memorial | Gap: 0.72km | Status: PASS
2026-03-27 14:53:07,210 - ERROR - Missing data field for Arsalan Park Circus: 'start'
2026-03-28 02:43:34,063 - INFO - --- Starting Batch Audit for Kolkata ---
2026-03-28 02:43:34,084 - WARNING - Audited: Howrah Bridge to Victoria Memorial | Gap: 0.72km | Status: FAIL
2026-03-28 02:43:34,085 - ERROR - Missing data field for Arsalan Park Circus: 'start'
2026-03-28 02:43:34,087 - INFO - Market-ready report generated at: reports\audit_report_20260328_0243.json
2026-03-28 02:45:02,495 - INFO - --- Starting Batch Audit for Kolkata ---
2026-03-28 02:45:02,500 - INFO - Audited: Howrah Bridge to Victoria Memorial | Gap: 0.72km | Status: PASS
2026-03-28 02:45:02,503 - ERROR - Missing data field for Arsalan Park Circus: 'start'
2026-03-29 02:42:18,279 - INFO - --- Starting Batch Audit for Kolkata ---
2026-03-29 02:42:18,303 - WARNING - Audited: Howrah Bridge to Victoria Memorial | Gap: 0.72km | Status: FAIL
2026-03-29 02:42:18,303 - ERROR - Missing data field for Arsalan Park Circus: 'start'
2026-03-29 02:49:01,451 - INFO - --- Starting Batch Audit for Kolkata ---
2026-03-29 02:49:01,456 - WARNING - Audited: Howrah Bridge to Victoria Memorial | Gap: 0.72km | Status: FAIL
2026-03-29 02:49:01,456 - ERROR - Missing data field for Arsalan Park Circus: 'start'
2026-03-29 02:50:12,071 - INFO - --- Starting Batch Audit for Kolkata ---
2026-03-29 02:50:12,074 - INFO - Audited: Howrah Bridge to Victoria Memorial | Gap: 0.72km | Status: PASS
2026-03-29 02:50:12,076 - ERROR - Missing data field for Arsalan Park Circus: 'start'
2026-03-29 02:50:27,033 - INFO - --- Starting Batch Audit for Kolkata ---
2026-03-29 02:50:27,037 - INFO - Audited: Howrah Bridge to Victoria Memorial | Gap: 0.72km | Status: PASS
2026-03-29 02:50:27,037 - ERROR - Missing data field for Arsalan Park Circus: 'start'
2026-03-29 02:52:20,000 - INFO - --- Starting Batch Audit for Kolkata ---
2026-03-29 02:52:20,003 - INFO - Audited: Howrah Bridge to Victoria Memorial | Gap: 0.72km | Status: PASS
2026-03-29 02:52:20,004 - ERROR - Missing data field for Arsalan Park Circus: 'start'
2026-03-29 02:52:28,202 - INFO - --- Starting Batch Audit for Kolkata ---
2026-03-29 02:52:28,205 - INFO - Audited: Howrah Bridge to Victoria Memorial | Gap: 0.72km | Status: PASS
2026-03-29 02:52:28,206 - ERROR - Missing data field for Arsalan Park Circus: 'start'
2026-03-29 02:56:25,323 - INFO - --- Starting Batch Audit for Kolkata ---
2026-03-29 02:56:25,327 - WARNING - Audited: Howrah Bridge to Victoria Memorial | Gap: 0.72km | Status: FAIL
2026-03-29 02:56:25,329 - ERROR - Missing data field for Arsalan Park Circus: 'start'
2026-03-29 02:58:14,487 - INFO - --- Starting Batch Audit for Kolkata ---
2026-03-29 02:58:14,495 - WARNING - Audited: Howrah Bridge to Victoria Memorial | Gap: 0.72km | Status: FAIL
2026-03-29 02:58:14,496 - ERROR - Missing data field for Arsalan Park Circus: 'start'
2026-03-29 03:01:22,738 - INFO - --- Starting Batch Audit for Kolkata ---
2026-03-29 03:01:22,749 - WARNING - Audited: Howrah Bridge to Victoria Memorial | Gap: 0.72km | Status: FAIL
2026-03-29 03:01:22,752 - ERROR - Missing data field for Arsalan Park Circus: 'start'
2026-03-30 02:26:24,089 - INFO - --- Starting Batch Audit for Kolkata ---
2026-03-30 02:26:25,051 - INFO - Audited: Howrah Bridge to Victoria Memorial | Gap: 0.72km | Status: PASS
2026-03-30 02:26:25,051 - ERROR - Missing data field for Arsalan Park Circus: 'start'
2026-03-31 03:42:32,770 - INFO - --- Starting Batch Audit for Kolkata ---
2026-03-31 03:42:33,774 - INFO - Audited: Howrah Bridge to Victoria Memorial | Gap: 0.72km | Status: PASS
2026-03-31 03:42:33,775 - ERROR - Missing data field for Arsalan Park Circus: 'start'
2026-03-31 03:45:33,568 - INFO - --- Starting Batch Audit for Kolkata ---
2026-03-31 03:45:34,103 - INFO - Audited: Howrah Bridge to Victoria Memorial | Gap: 0.72km | Status: PASS
2026-03-31 03:45:34,105 - ERROR - Missing data field for Arsalan Park Circus: 'start'
2026-04-01 13:16:56,971 - INFO - --- Starting Batch Audit for Kolkata ---
2026-04-01 13:16:59,174 - INFO - Audited: Howrah Bridge to Victoria Memorial | Gap: 0.72km | Status: PASS
2026-04-01 13:16:59,174 - ERROR - Missing data field for Arsalan Park Circus: 'start'
2026-04-03 13:44:18,494 - INFO - --- Starting Batch Audit for Kolkata ---
2026-04-03 13:44:18,524 - ERROR - Missing data field for Arsalan Park Circus: 'start'
2026-04-03 13:44:18,524 - ERROR - Missing data field for Victoria Memorial: 'start'
2026-04-03 13:46:14,866 - INFO - --- Starting Batch Audit for Kolkata ---
2026-04-03 13:46:16,909 - INFO - Audited: Howrah Bridge to Victoria Memorial | Gap: 0.72km | Status: PASS
2026-04-03 13:46:16,910 - ERROR - Missing data field for Arsalan Park Circus: 'start'
2026-04-03 13:50:22,235 - INFO - --- Starting Batch Audit for Kolkata ---
2026-04-03 13:50:22,243 - ERROR - Failed to process Howrah Bridge to Victoria Memorial: cannot access local variable 'actual_road_km' where it is not associated with a value
2026-04-03 13:50:22,244 - ERROR - Failed to process Arsalan Park Circus: cannot access local variable 'actual_road_km' where it is not associated with a value
2026-04-03 13:52:07,955 - INFO - --- Starting Batch Audit for Kolkata ---
2026-04-03 13:52:07,958 - ERROR - Failed to process Howrah Bridge to Victoria Memorial: cannot access local variable 'actual_road_km' where it is not associated with a value
2026-04-03 13:52:07,960 - ERROR - Failed to process Arsalan Park Circus: cannot access local variable 'actual_road_km' where it is not associated with a value
2026-04-03 13:53:14,484 - INFO - --- Starting Batch Audit for Kolkata ---
2026-04-03 13:53:14,495 - ERROR - Failed to process Howrah Bridge to Victoria Memorial: cannot access local variable 'actual_road_km' where it is not associated with a value
2026-04-03 13:53:14,496 - ERROR - Failed to process Arsalan Park Circus: cannot access local variable 'actual_road_km' where it is not associated with a value
2026-04-03 13:55:22,886 - INFO - --- Starting Batch Audit for Kolkata ---
2026-04-03 13:55:22,890 - ERROR - Failed to process Howrah Bridge to Victoria Memorial: cannot access local variable 'actual_road_km' where it is not associated with a value
2026-04-03 13:55:22,894 - ERROR - Failed to process Arsalan Park Circus: cannot access local variable 'actual_road_km' where it is not associated with a value
2026-04-03 13:58:17,020 - INFO - --- Starting Batch Audit for Kolkata ---
2026-04-03 13:58:17,026 - ERROR - Failed to process Howrah Bridge to Victoria Memorial: cannot access local variable 'actual_road_km' where it is not associated with a value
2026-04-03 13:58:17,027 - ERROR - Failed to process Arsalan Park Circus: cannot access local variable 'actual_road_km' where it is not associated with a value
2026-04-03 14:02:24,237 - INFO - --- Starting Batch Audit for Kolkata ---
2026-04-03 14:02:24,240 - ERROR - Failed to process Howrah Bridge to Victoria Memorial: cannot access local variable 'actual_road_km' where it is not associated with a value
2026-04-03 14:02:24,243 - ERROR - Failed to process Arsalan Park Circus: cannot access local variable 'actual_road_km' where it is not associated with a value
2026-04-03 14:03:30,717 - INFO - --- Starting Batch Audit for Kolkata ---
2026-04-03 14:03:30,746 - ERROR - Failed to process Howrah Bridge to Victoria Memorial: cannot access local variable 'actual_road_km' where it is not associated with a value
2026-04-03 14:03:30,747 - ERROR - Failed to process Park Street to Science City: cannot access local variable 'actual_road_km' where it is not associated with a value
2026-04-03 14:03:30,748 - ERROR - Failed to process Salt Lake Sector V to Kolkata Airport: cannot access local variable 'actual_road_km' where it is not associated with a value
2026-04-03 14:03:30,748 - ERROR - Failed to process Sealdah Station to Eden Gardens: cannot access local variable 'actual_road_km' where it is not associated with a value
